<?xml version="1.0" encoding="UTF-8"?>
<!-- Generated by org.testng.reporters.JUnitXMLReporter -->
<testsuite ignored="0" hostname="Tronner" failures="1" tests="1" name="Validating title in the page" time="5.165" errors="0" timestamp="2022-01-03T12:16:48 IST">
  <testcase classname="Arjun.ValidateTitle" name="ValidateAppTitle" time="0.043">
    <failure type="java.lang.AssertionError" message="expected [FEATURED COURSES123] but found [FEATURED COURSES]">
      <![CDATA[java.lang.AssertionError: expected [FEATURED COURSES123] but found [FEATURED COURSES]
at Arjun.ValidateTitle.ValidateAppTitle(ValidateTitle.java:41)
at java.base/java.util.ArrayList.forEach(ArrayList.java:1511)
... Removed 33 stack frames]]>
    </failure>
  </testcase> <!-- ValidateAppTitle -->
</testsuite> <!-- Validating title in the page -->
