<?xml version="1.0" encoding="UTF-8"?>
<!-- Generated by org.testng.reporters.JUnitXMLReporter -->
<testsuite ignored="0" hostname="MT-534B2B3" failures="0" tests="2" name="Airport Car Booking" time="41.056" errors="0" timestamp="2022-01-18T16:23:25 IST">
  <testcase classname="TestCaseRunner.d_AirportCarBookingTC" name="Airport_Car_Booking_TC" time="20.293"/>
  <testcase classname="TestCaseRunner.d_AirportCarBookingTC" name="Airport_Car_Booking_TC" time="19.355"/>
</testsuite> <!-- Airport Car Booking -->
