<?xml version="1.0" encoding="UTF-8"?>
<!-- Generated by org.testng.reporters.JUnitXMLReporter -->
<testsuite ignored="0" hostname="MT-534B2B3" failures="0" tests="2" name="Sign In With Wrong Details" time="11.551" errors="0" timestamp="2022-01-18T16:22:20 IST">
  <testcase classname="TestCaseRunner.a_SignInWithDetailsTC" name="Sign_In_With_Wrong_Details_TC" time="5.73"/>
  <testcase classname="TestCaseRunner.a_SignInWithDetailsTC" name="Sign_In_With_Wrong_Details_TC" time="2.673"/>
</testsuite> <!-- Sign In With Wrong Details -->
