<?xml version="1.0" encoding="UTF-8"?>
<!-- Generated by org.testng.reporters.JUnitXMLReporter -->
<testsuite ignored="0" hostname="MT-534B2B3" failures="0" tests="12" name="Validating User login" time="245.825" errors="0" timestamp="2022-01-18T12:59:55 IST">
  <testcase classname="Common_TestCaseRunner_SecondMethod.Common_Runner" name="Sign_In_With_Wrong_Details_TC" time="9.702"/>
  <testcase classname="Common_TestCaseRunner_SecondMethod.Common_Runner" name="Sign_In_With_Wrong_Details_TC" time="9.153"/>
  <testcase classname="Common_TestCaseRunner_SecondMethod.Common_Runner" name="Out_Station_CarBooking_TC" time="16.14"/>
  <testcase classname="Common_TestCaseRunner_SecondMethod.Common_Runner" name="Local_Car_Booking_TC" time="11.507"/>
  <testcase classname="Common_TestCaseRunner_SecondMethod.Common_Runner" name="Airport_Car_Booking_TC" time="33.015"/>
  <testcase classname="Common_TestCaseRunner_SecondMethod.Common_Runner" name="Airport_Car_Booking_TC" time="31.333"/>
  <testcase classname="Common_TestCaseRunner_SecondMethod.Common_Runner" name="Featured_In_TC" time="26.426"/>
  <testcase classname="Common_TestCaseRunner_SecondMethod.Common_Runner" name="About_US_TC" time="13.458"/>
  <testcase classname="Common_TestCaseRunner_SecondMethod.Common_Runner" name="Service_One_Way_TC" time="19.95"/>
  <testcase classname="Common_TestCaseRunner_SecondMethod.Common_Runner" name="Contact_US_TC" time="15.822"/>
  <testcase classname="Common_TestCaseRunner_SecondMethod.Common_Runner" name="Social_Handle_Bloogger_TC" time="38.47"/>
  <testcase classname="Common_TestCaseRunner_SecondMethod.Common_Runner" name="Car_Rental_In_City_TC" time="12.561"/>
</testsuite> <!-- Validating User login -->
